0 info it worked if it ends with ok
1 verbose cli [ 'C:\\Program Files\\nodejs\\node.exe',
1 verbose cli   'C:\\Users\\chenxiaoxiao\\AppData\\Roaming\\npm\\node_modules\\npm\\bin\\npm-cli.js',
1 verbose cli   'run',
1 verbose cli   'dev:weapp' ]
2 info using npm@4.1.2
3 info using node@v10.2.0
4 verbose run-script [ 'predev:weapp', 'dev:weapp', 'postdev:weapp' ]
5 info lifecycle todo@1.0.0~predev:weapp: todo@1.0.0
6 silly lifecycle todo@1.0.0~predev:weapp: no script for predev:weapp, continuing
7 info lifecycle todo@1.0.0~dev:weapp: todo@1.0.0
8 verbose lifecycle todo@1.0.0~dev:weapp: unsafe-perm in lifecycle true
9 verbose lifecycle todo@1.0.0~dev:weapp: PATH: C:\Users\chenxiaoxiao\AppData\Roaming\npm\node_modules\npm\bin\node-gyp-bin;C:\Users\chenxiaoxiao\Desktop\workspace\todo\node_modules\.bin;C:\Users\chenxiaoxiao\bin;C:\Program Files\Git\mingw64\bin;C:\Program Files\Git\usr\local\bin;C:\Program Files\Git\usr\bin;C:\Program Files\Git\usr\bin;C:\Program Files\Git\mingw64\bin;C:\Program Files\Git\usr\bin;C:\Users\chenxiaoxiao\bin;C:\Program Files (x86)\Common Files\Oracle\Java\javapath;C:\ProgramData\Oracle\Java\javapath;C:\Program Files (x86)\Common Files\Intel\Shared Files\cpp\bin\Intel64;C:\Program Files (x86)\Intel\iCLS Client;C:\Program Files\Intel\iCLS Client;C:\WINDOWS\system32;C:\WINDOWS;C:\WINDOWS\System32\Wbem;C:\WINDOWS\System32\WindowsPowerShell\v1.0;C:\Program Files\Intel\Intel(R) Management Engine Components\DAL;C:\Program Files (x86)\Intel\Intel(R) Management Engine Components\DAL;C:\Program Files\Intel\Intel(R) Management Engine Components\IPT;C:\Program Files (x86)\Intel\Intel(R) Management Engine Components\IPT;C:\Program Files (x86)\AMD\ATI.ACE\Core-Static;D:\shortlink;C:\Program Files (x86)\Windows Kits\8.1\Windows Performance Toolkit;C:\Program Files\Microsoft SQL Server\110\Tools\Binn;C:\Program Files (x86)\Microsoft SDKs\TypeScript\1.0;C:\Program Files\Microsoft SQL Server\120\Tools\Binn;C:\Program Files (x86)\ATI Technologies\ATI.ACE\Core-Static;C:\Program Files (x86)\IDM Computer Solutions\UltraEdit;D:\Program Files\TortoiseSVN\bin;D:\Program Files (x86)\QuickTime\QTSystem;C:\Program Files\Java\jdk1.8.0_121\bin;D:\Program Files (x86)\MySQL\MySQL Server 5.0\bin;C:\Program Files\Java\jdk1.8.0_121\jre\bin;C:\Program Files\MongoDB\Server\3.4\bin;C:\Program Files\Git\cmd;C:\Program Files\nodejs;C:\Ruby23-x64\bin;D:\software\Bandizip\7z;C:\Users\chenxiaoxiao\AppData\Local\Microsoft\WindowsApps;D:\Program Files\Bandizip;C:\Users\chenxiaoxiao\AppData\Local\Programs\Fiddler;D:\Users\chenxiaoxiao\AppData\Local\Programs\Fiddler;C:\Program Files\Microsoft VS Code\bin;C:\Users\chenxiaoxiao\AppData\Roaming\npm;C:\Users\chenxiaoxiao\AppData\Local\Programs\Microsoft VS Code\bin;C:\Program Files\Git\usr\bin\vendor_perl;C:\Program Files\Git\usr\bin\core_perl
10 verbose lifecycle todo@1.0.0~dev:weapp: CWD: C:\Users\chenxiaoxiao\Desktop\workspace\todo
11 silly lifecycle todo@1.0.0~dev:weapp: Args: [ '/d /s /c', 'npm run build:weapp -- --watch' ]
12 silly lifecycle todo@1.0.0~dev:weapp: Returned: code: 1  signal: null
13 info lifecycle todo@1.0.0~dev:weapp: Failed to exec dev:weapp script
14 verbose stack Error: todo@1.0.0 dev:weapp: `npm run build:weapp -- --watch`
14 verbose stack Exit status 1
14 verbose stack     at EventEmitter.<anonymous> (C:\Users\chenxiaoxiao\AppData\Roaming\npm\node_modules\npm\lib\utils\lifecycle.js:279:16)
14 verbose stack     at EventEmitter.emit (events.js:182:13)
14 verbose stack     at ChildProcess.<anonymous> (C:\Users\chenxiaoxiao\AppData\Roaming\npm\node_modules\npm\lib\utils\spawn.js:40:14)
14 verbose stack     at ChildProcess.emit (events.js:182:13)
14 verbose stack     at maybeClose (internal/child_process.js:961:16)
14 verbose stack     at Process.ChildProcess._handle.onexit (internal/child_process.js:248:5)
15 verbose pkgid todo@1.0.0
16 verbose cwd C:\Users\chenxiaoxiao\Desktop\workspace\todo
17 error Windows_NT 10.0.14393
18 error argv "C:\\Program Files\\nodejs\\node.exe" "C:\\Users\\chenxiaoxiao\\AppData\\Roaming\\npm\\node_modules\\npm\\bin\\npm-cli.js" "run" "dev:weapp"
19 error node v10.2.0
20 error npm  v4.1.2
21 error code ELIFECYCLE
22 error todo@1.0.0 dev:weapp: `npm run build:weapp -- --watch`
22 error Exit status 1
23 error Failed at the todo@1.0.0 dev:weapp script 'npm run build:weapp -- --watch'.
23 error Make sure you have the latest version of node.js and npm installed.
23 error If you do, this is most likely a problem with the todo package,
23 error not with npm itself.
23 error Tell the author that this fails on your system:
23 error     npm run build:weapp -- --watch
23 error You can get information on how to open an issue for this project with:
23 error     npm bugs todo
23 error Or if that isn't available, you can get their info via:
23 error     npm owner ls todo
23 error There is likely additional logging output above.
24 verbose exit [ 1, true ]
